Arguments: 
  /Users/p002808/.nvm/versions/node/v16.20.0/bin/node /Users/p002808/.nvm/versions/node/v16.20.0/bin/yarn add ts-node --dev

PATH: 
  /opt/homebrew/opt/php@8.0/sbin:/opt/homebrew/opt/php@8.0/bin:/Users/p002808/.rd/bin:/Users/p002808/.nvm/versions/node/v16.20.0/bin:/opt/homebrew/opt/php@7.4/bins:/opt/homebrew/opt/php@7.4/bin:/opt/homebrew/bin:/opt/homebrew/sbin:/usr/local/bin:/System/Cryptexes/App/usr/bin:/usr/bin:/bin:/usr/sbin:/sbin:/opt/homebrew/opt/php@8.0/sbin:/opt/homebrew/opt/php@8.0/bin:/Users/p002808/.rd/bin:/Users/p002808/.nvm/versions/node/v16.20.0/bin:/opt/homebrew/opt/php@7.4/bins:/opt/homebrew/opt/php@7.4/bin:/opt/homebrew/bin:/opt/homebrew/sbin:/Users/p002808/.fig/bin:/Users/p002808/.local/bin

Yarn version: 
  1.22.19

Node version: 
  16.20.0

Platform: 
  darwin arm64

Trace: 
  Error: https://registry.npmjs.org/ts-node: tunneling socket could not be established, cause=getaddrinfo ENOTFOUND dc-ty3-squid-1.corp.cybozu.co.jp
      at ClientRequest.onError (/Users/p002808/.nvm/versions/node/v16.20.0/lib/node_modules/yarn/lib/cli.js:152376:17)
      at Object.onceWrapper (node:events:628:26)
      at ClientRequest.emit (node:events:513:28)
      at Socket.socketErrorListener (node:_http_client:494:9)
      at Socket.emit (node:events:513:28)
      at emitErrorNT (node:internal/streams/destroy:157:8)
      at emitErrorCloseNT (node:internal/streams/destroy:122:3)
      at processTicksAndRejections (node:internal/process/task_queues:83:21)

npm manifest: 
  {
    "type": "module",
    "devDependencies": {
      "@types/node": "^18.15.3"
    },
    "dependencies": {
      "tsc": "^2.0.4",
      "typescript": "^5.0.2"
    }
  }

yarn manifest: 
  No manifest

Lockfile: 
  # THIS IS AN AUTOGENERATED FILE. DO NOT EDIT THIS FILE DIRECTLY.
  # yarn lockfile v1
  
  
  "@types/node@^18.15.3":
    version "18.16.19"
    resolved "https://registry.yarnpkg.com/@types/node/-/node-18.16.19.tgz#cb03fca8910fdeb7595b755126a8a78144714eea"
    integrity sha512-IXl7o+R9iti9eBW4Wg2hx1xQDig183jj7YLn8F7udNceyfkbn1ZxmzZXuak20gR40D7pIkIY1kYGx5VIGbaHKA==
  
  tsc@^2.0.4:
    version "2.0.4"
    resolved "https://registry.yarnpkg.com/tsc/-/tsc-2.0.4.tgz#5f6499146abea5dca4420b451fa4f2f9345238f5"
    integrity sha512-fzoSieZI5KKJVBYGvwbVZs/J5za84f2lSTLPYf6AGiIf43tZ3GNrI1QzTLcjtyDDP4aLxd46RTZq1nQxe7+k5Q==
  
  typescript@^5.0.2:
    version "5.1.6"
    resolved "https://registry.yarnpkg.com/typescript/-/typescript-5.1.6.tgz#02f8ac202b6dad2c0dd5e0913745b47a37998274"
    integrity sha512-zaWCozRZ6DLEWAWFrVDz1H6FVXzUSfTy5FUMWsQlU8Ym5JP9eO4xkTIROFCQvhQf61z6O/G6ugw3SgAnvvm+HA==
